{"C:\\Users\\mizel\\OneDrive\\Desktop\\Cursor AI\\focus-loop\\packages\\core-timers\\src\\createBreakTimer.ts": {"path":"C:\\Users\\mizel\\OneDrive\\Desktop\\Cursor AI\\focus-loop\\packages\\core-timers\\src\\createBreakTimer.ts","all":false,"statementMap":{"0":{"start":{"line":1,"column":0},"end":{"line":1,"column":65}},"1":{"start":{"line":2,"column":0},"end":{"line":2,"column":52}},"2":{"start":{"line":3,"column":0},"end":{"line":3,"column":0}},"3":{"start":{"line":4,"column":0},"end":{"line":4,"column":3}},"4":{"start":{"line":5,"column":0},"end":{"line":5,"column":57}},"5":{"start":{"line":6,"column":0},"end":{"line":6,"column":3}},"6":{"start":{"line":7,"column":0},"end":{"line":7,"column":70}},"7":{"start":{"line":8,"column":0},"end":{"line":8,"column":40}},"8":{"start":{"line":9,"column":0},"end":{"line":9,"column":32}},"9":{"start":{"line":10,"column":0},"end":{"line":10,"column":48}},"10":{"start":{"line":11,"column":0},"end":{"line":11,"column":3}},"11":{"start":{"line":12,"column":0},"end":{"line":12,"column":2}},"12":{"start":{"line":13,"column":0},"end":{"line":13,"column":56}},"13":{"start":{"line":14,"column":0},"end":{"line":14,"column":33}},"14":{"start":{"line":15,"column":0},"end":{"line":15,"column":1}}},"s":{"0":1,"1":1,"2":1,"3":1,"4":1,"5":1,"6":1,"7":6,"8":6,"9":0,"10":0,"11":6,"12":6,"13":6,"14":6},"branchMap":{"0":{"type":"branch","line":7,"loc":{"start":{"line":7,"column":7},"end":{"line":15,"column":1}},"locations":[{"start":{"line":7,"column":7},"end":{"line":15,"column":1}}]},"1":{"type":"branch","line":9,"loc":{"start":{"line":9,"column":31},"end":{"line":11,"column":3}},"locations":[{"start":{"line":9,"column":31},"end":{"line":11,"column":3}}]}},"b":{"0":[6],"1":[0]},"fnMap":{"0":{"name":"createBreakTimer","decl":{"start":{"line":7,"column":7},"end":{"line":15,"column":1}},"loc":{"start":{"line":7,"column":7},"end":{"line":15,"column":1}},"line":7}},"f":{"0":6}}
,"C:\\Users\\mizel\\OneDrive\\Desktop\\Cursor AI\\focus-loop\\packages\\core-timers\\src\\createPauseTimer.ts": {"path":"C:\\Users\\mizel\\OneDrive\\Desktop\\Cursor AI\\focus-loop\\packages\\core-timers\\src\\createPauseTimer.ts","all":false,"statementMap":{"0":{"start":{"line":1,"column":0},"end":{"line":1,"column":84}},"1":{"start":{"line":2,"column":0},"end":{"line":2,"column":52}},"2":{"start":{"line":3,"column":0},"end":{"line":3,"column":0}},"3":{"start":{"line":4,"column":0},"end":{"line":4,"column":3}},"4":{"start":{"line":5,"column":0},"end":{"line":5,"column":76}},"5":{"start":{"line":6,"column":0},"end":{"line":6,"column":3}},"6":{"start":{"line":7,"column":0},"end":{"line":7,"column":76}},"7":{"start":{"line":8,"column":0},"end":{"line":8,"column":20}},"8":{"start":{"line":9,"column":0},"end":{"line":9,"column":32}},"9":{"start":{"line":10,"column":0},"end":{"line":10,"column":66}},"10":{"start":{"line":11,"column":0},"end":{"line":11,"column":3}},"11":{"start":{"line":12,"column":0},"end":{"line":12,"column":2}},"12":{"start":{"line":13,"column":0},"end":{"line":13,"column":49}},"13":{"start":{"line":14,"column":0},"end":{"line":14,"column":78}},"14":{"start":{"line":15,"column":0},"end":{"line":15,"column":3}},"15":{"start":{"line":16,"column":0},"end":{"line":16,"column":2}},"16":{"start":{"line":17,"column":0},"end":{"line":17,"column":51}},"17":{"start":{"line":18,"column":0},"end":{"line":18,"column":37}},"18":{"start":{"line":19,"column":0},"end":{"line":19,"column":36}},"19":{"start":{"line":20,"column":0},"end":{"line":20,"column":83}},"20":{"start":{"line":21,"column":0},"end":{"line":21,"column":4}},"21":{"start":{"line":22,"column":0},"end":{"line":22,"column":2}},"22":{"start":{"line":23,"column":0},"end":{"line":23,"column":53}},"23":{"start":{"line":24,"column":0},"end":{"line":24,"column":36}},"24":{"start":{"line":25,"column":0},"end":{"line":25,"column":29}},"25":{"start":{"line":26,"column":0},"end":{"line":26,"column":18}},"26":{"start":{"line":27,"column":0},"end":{"line":27,"column":43}},"27":{"start":{"line":28,"column":0},"end":{"line":28,"column":34}},"28":{"start":{"line":29,"column":0},"end":{"line":29,"column":4}},"29":{"start":{"line":30,"column":0},"end":{"line":30,"column":2}},"30":{"start":{"line":31,"column":0},"end":{"line":31,"column":46}},"31":{"start":{"line":32,"column":0},"end":{"line":32,"column":38}},"32":{"start":{"line":33,"column":0},"end":{"line":33,"column":1}}},"s":{"0":1,"1":1,"2":1,"3":1,"4":1,"5":1,"6":1,"7":5,"8":5,"9":0,"10":0,"11":5,"12":5,"13":0,"14":0,"15":5,"16":5,"17":5,"18":5,"19":5,"20":5,"21":5,"22":5,"23":5,"24":5,"25":5,"26":5,"27":5,"28":5,"29":5,"30":5,"31":5,"32":5},"branchMap":{"0":{"type":"branch","line":7,"loc":{"start":{"line":7,"column":7},"end":{"line":33,"column":1}},"locations":[{"start":{"line":7,"column":7},"end":{"line":33,"column":1}}]},"1":{"type":"branch","line":9,"loc":{"start":{"line":9,"column":31},"end":{"line":11,"column":3}},"locations":[{"start":{"line":9,"column":31},"end":{"line":11,"column":3}}]},"2":{"type":"branch","line":13,"loc":{"start":{"line":13,"column":48},"end":{"line":15,"column":3}},"locations":[{"start":{"line":13,"column":48},"end":{"line":15,"column":3}}]}},"b":{"0":[5],"1":[0],"2":[0]},"fnMap":{"0":{"name":"createPauseTimer","decl":{"start":{"line":7,"column":7},"end":{"line":33,"column":1}},"loc":{"start":{"line":7,"column":7},"end":{"line":33,"column":1}},"line":7}},"f":{"0":5}}
,"C:\\Users\\mizel\\OneDrive\\Desktop\\Cursor AI\\focus-loop\\packages\\core-timers\\src\\createTaskTimer.ts": {"path":"C:\\Users\\mizel\\OneDrive\\Desktop\\Cursor AI\\focus-loop\\packages\\core-timers\\src\\createTaskTimer.ts","all":false,"statementMap":{"0":{"start":{"line":1,"column":0},"end":{"line":1,"column":65}},"1":{"start":{"line":2,"column":0},"end":{"line":2,"column":0}},"2":{"start":{"line":3,"column":0},"end":{"line":3,"column":3}},"3":{"start":{"line":4,"column":0},"end":{"line":4,"column":56}},"4":{"start":{"line":5,"column":0},"end":{"line":5,"column":3}},"5":{"start":{"line":6,"column":0},"end":{"line":6,"column":69}},"6":{"start":{"line":7,"column":0},"end":{"line":7,"column":20}},"7":{"start":{"line":8,"column":0},"end":{"line":8,"column":29}},"8":{"start":{"line":9,"column":0},"end":{"line":9,"column":64}},"9":{"start":{"line":10,"column":0},"end":{"line":10,"column":3}},"10":{"start":{"line":11,"column":0},"end":{"line":11,"column":0}},"11":{"start":{"line":12,"column":0},"end":{"line":12,"column":33}},"12":{"start":{"line":13,"column":0},"end":{"line":13,"column":38}},"13":{"start":{"line":14,"column":0},"end":{"line":14,"column":38}},"14":{"start":{"line":15,"column":0},"end":{"line":15,"column":37}},"15":{"start":{"line":16,"column":0},"end":{"line":16,"column":60}},"16":{"start":{"line":17,"column":0},"end":{"line":17,"column":2}},"17":{"start":{"line":18,"column":0},"end":{"line":18,"column":36}},"18":{"start":{"line":19,"column":0},"end":{"line":19,"column":27}},"19":{"start":{"line":20,"column":0},"end":{"line":20,"column":29}},"20":{"start":{"line":21,"column":0},"end":{"line":21,"column":21}},"21":{"start":{"line":22,"column":0},"end":{"line":22,"column":5}},"22":{"start":{"line":23,"column":0},"end":{"line":23,"column":4}},"23":{"start":{"line":24,"column":0},"end":{"line":24,"column":0}},"24":{"start":{"line":25,"column":0},"end":{"line":25,"column":31}},"25":{"start":{"line":26,"column":0},"end":{"line":26,"column":40}},"26":{"start":{"line":27,"column":0},"end":{"line":27,"column":33}},"27":{"start":{"line":28,"column":0},"end":{"line":28,"column":4}},"28":{"start":{"line":29,"column":0},"end":{"line":29,"column":42}},"29":{"start":{"line":30,"column":0},"end":{"line":30,"column":29}},"30":{"start":{"line":31,"column":0},"end":{"line":31,"column":71}},"31":{"start":{"line":32,"column":0},"end":{"line":32,"column":61}},"32":{"start":{"line":33,"column":0},"end":{"line":33,"column":6}},"33":{"start":{"line":34,"column":0},"end":{"line":34,"column":39}},"34":{"start":{"line":35,"column":0},"end":{"line":35,"column":37}},"35":{"start":{"line":36,"column":0},"end":{"line":36,"column":6}},"36":{"start":{"line":37,"column":0},"end":{"line":37,"column":37}},"37":{"start":{"line":38,"column":0},"end":{"line":38,"column":31}},"38":{"start":{"line":39,"column":0},"end":{"line":39,"column":29}},"39":{"start":{"line":40,"column":0},"end":{"line":40,"column":28}},"40":{"start":{"line":41,"column":0},"end":{"line":41,"column":30}},"41":{"start":{"line":42,"column":0},"end":{"line":42,"column":7}},"42":{"start":{"line":43,"column":0},"end":{"line":43,"column":13}},"43":{"start":{"line":44,"column":0},"end":{"line":44,"column":4}},"44":{"start":{"line":45,"column":0},"end":{"line":45,"column":25}},"45":{"start":{"line":46,"column":0},"end":{"line":46,"column":4}},"46":{"start":{"line":47,"column":0},"end":{"line":47,"column":0}},"47":{"start":{"line":48,"column":0},"end":{"line":48,"column":10}},"48":{"start":{"line":49,"column":0},"end":{"line":49,"column":18}},"49":{"start":{"line":50,"column":0},"end":{"line":50,"column":29}},"50":{"start":{"line":51,"column":0},"end":{"line":51,"column":45}},"51":{"start":{"line":52,"column":0},"end":{"line":52,"column":7}},"52":{"start":{"line":53,"column":0},"end":{"line":53,"column":6}},"53":{"start":{"line":54,"column":0},"end":{"line":54,"column":24}},"54":{"start":{"line":55,"column":0},"end":{"line":55,"column":29}},"55":{"start":{"line":56,"column":0},"end":{"line":56,"column":38}},"56":{"start":{"line":57,"column":0},"end":{"line":57,"column":22}},"57":{"start":{"line":58,"column":0},"end":{"line":58,"column":6}},"58":{"start":{"line":59,"column":0},"end":{"line":59,"column":4}},"59":{"start":{"line":60,"column":0},"end":{"line":60,"column":18}},"60":{"start":{"line":61,"column":0},"end":{"line":61,"column":32}},"61":{"start":{"line":62,"column":0},"end":{"line":62,"column":44}},"62":{"start":{"line":63,"column":0},"end":{"line":63,"column":7}},"63":{"start":{"line":64,"column":0},"end":{"line":64,"column":6}},"64":{"start":{"line":65,"column":0},"end":{"line":65,"column":27}},"65":{"start":{"line":66,"column":0},"end":{"line":66,"column":23}},"66":{"start":{"line":67,"column":0},"end":{"line":67,"column":28}},"67":{"start":{"line":68,"column":0},"end":{"line":68,"column":6}},"68":{"start":{"line":69,"column":0},"end":{"line":69,"column":4}},"69":{"start":{"line":70,"column":0},"end":{"line":70,"column":19}},"70":{"start":{"line":71,"column":0},"end":{"line":71,"column":31}},"71":{"start":{"line":72,"column":0},"end":{"line":72,"column":44}},"72":{"start":{"line":73,"column":0},"end":{"line":73,"column":7}},"73":{"start":{"line":74,"column":0},"end":{"line":74,"column":6}},"74":{"start":{"line":75,"column":0},"end":{"line":75,"column":59}},"75":{"start":{"line":76,"column":0},"end":{"line":76,"column":52}},"76":{"start":{"line":77,"column":0},"end":{"line":77,"column":52}},"77":{"start":{"line":78,"column":0},"end":{"line":78,"column":46}},"78":{"start":{"line":79,"column":0},"end":{"line":79,"column":24}},"79":{"start":{"line":80,"column":0},"end":{"line":80,"column":7}},"80":{"start":{"line":81,"column":0},"end":{"line":81,"column":6}},"81":{"start":{"line":82,"column":0},"end":{"line":82,"column":24}},"82":{"start":{"line":83,"column":0},"end":{"line":83,"column":22}},"83":{"start":{"line":84,"column":0},"end":{"line":84,"column":6}},"84":{"start":{"line":85,"column":0},"end":{"line":85,"column":4}},"85":{"start":{"line":86,"column":0},"end":{"line":86,"column":18}},"86":{"start":{"line":87,"column":0},"end":{"line":87,"column":27}},"87":{"start":{"line":88,"column":0},"end":{"line":88,"column":21}},"88":{"start":{"line":89,"column":0},"end":{"line":89,"column":38}},"89":{"start":{"line":90,"column":0},"end":{"line":90,"column":23}},"90":{"start":{"line":91,"column":0},"end":{"line":91,"column":22}},"91":{"start":{"line":92,"column":0},"end":{"line":92,"column":6}},"92":{"start":{"line":93,"column":0},"end":{"line":93,"column":4}},"93":{"start":{"line":94,"column":0},"end":{"line":94,"column":26}},"94":{"start":{"line":95,"column":0},"end":{"line":95,"column":4}},"95":{"start":{"line":96,"column":0},"end":{"line":96,"column":38}},"96":{"start":{"line":97,"column":0},"end":{"line":97,"column":4}},"97":{"start":{"line":98,"column":0},"end":{"line":98,"column":23}},"98":{"start":{"line":99,"column":0},"end":{"line":99,"column":39}},"99":{"start":{"line":100,"column":0},"end":{"line":100,"column":6}},"100":{"start":{"line":101,"column":0},"end":{"line":101,"column":52}},"101":{"start":{"line":102,"column":0},"end":{"line":102,"column":66}},"102":{"start":{"line":103,"column":0},"end":{"line":103,"column":84}},"103":{"start":{"line":104,"column":0},"end":{"line":104,"column":7}},"104":{"start":{"line":105,"column":0},"end":{"line":105,"column":6}},"105":{"start":{"line":106,"column":0},"end":{"line":106,"column":34}},"106":{"start":{"line":107,"column":0},"end":{"line":107,"column":31}},"107":{"start":{"line":108,"column":0},"end":{"line":108,"column":7}},"108":{"start":{"line":109,"column":0},"end":{"line":109,"column":6}},"109":{"start":{"line":110,"column":0},"end":{"line":110,"column":51}},"110":{"start":{"line":111,"column":0},"end":{"line":111,"column":84}},"111":{"start":{"line":112,"column":0},"end":{"line":112,"column":6}},"112":{"start":{"line":113,"column":0},"end":{"line":113,"column":4}},"113":{"start":{"line":114,"column":0},"end":{"line":114,"column":38}},"114":{"start":{"line":115,"column":0},"end":{"line":115,"column":4}},"115":{"start":{"line":116,"column":0},"end":{"line":116,"column":1}}},"s":{"0":1,"1":1,"2":1,"3":1,"4":1,"5":1,"6":17,"7":17,"8":0,"9":0,"10":17,"11":17,"12":17,"13":17,"14":17,"15":17,"16":17,"17":17,"18":12,"19":12,"20":12,"21":12,"22":12,"23":17,"24":17,"25":14,"26":14,"27":14,"28":14,"29":1540,"30":1540,"31":1540,"32":1540,"33":1540,"34":1540,"35":1540,"36":1540,"37":1540,"38":7,"39":7,"40":7,"41":7,"42":14,"43":14,"44":14,"45":14,"46":17,"47":17,"48":17,"49":11,"50":0,"51":0,"52":11,"53":11,"54":11,"55":11,"56":11,"57":11,"58":17,"59":17,"60":3,"61":0,"62":0,"63":3,"64":3,"65":3,"66":3,"67":3,"68":17,"69":17,"70":3,"71":0,"72":0,"73":3,"74":3,"75":3,"76":3,"77":3,"78":3,"79":3,"80":3,"81":3,"82":3,"83":3,"84":17,"85":17,"86":2,"87":2,"88":2,"89":2,"90":2,"91":2,"92":17,"93":17,"94":17,"95":17,"96":17,"97":17,"98":9,"99":4,"100":9,"101":0,"102":0,"103":0,"104":4,"105":6,"106":1,"107":1,"108":3,"109":3,"110":3,"111":9,"112":17,"113":17,"114":17,"115":17},"branchMap":{"0":{"type":"branch","line":6,"loc":{"start":{"line":6,"column":7},"end":{"line":116,"column":1}},"locations":[{"start":{"line":6,"column":7},"end":{"line":116,"column":1}}]},"1":{"type":"branch","line":8,"loc":{"start":{"line":8,"column":28},"end":{"line":10,"column":3}},"locations":[{"start":{"line":8,"column":28},"end":{"line":10,"column":3}}]},"2":{"type":"branch","line":18,"loc":{"start":{"line":18,"column":29},"end":{"line":23,"column":4}},"locations":[{"start":{"line":18,"column":29},"end":{"line":23,"column":4}}]},"3":{"type":"branch","line":25,"loc":{"start":{"line":25,"column":24},"end":{"line":46,"column":4}},"locations":[{"start":{"line":25,"column":24},"end":{"line":46,"column":4}}]},"4":{"type":"branch","line":27,"loc":{"start":{"line":27,"column":26},"end":{"line":27,"column":33}},"locations":[{"start":{"line":27,"column":26},"end":{"line":27,"column":33}}]},"5":{"type":"branch","line":29,"loc":{"start":{"line":29,"column":35},"end":{"line":43,"column":7}},"locations":[{"start":{"line":29,"column":35},"end":{"line":43,"column":7}}]},"6":{"type":"branch","line":38,"loc":{"start":{"line":38,"column":30},"end":{"line":42,"column":7}},"locations":[{"start":{"line":38,"column":30},"end":{"line":42,"column":7}}]},"7":{"type":"branch","line":49,"loc":{"start":{"line":49,"column":11},"end":{"line":58,"column":6}},"locations":[{"start":{"line":49,"column":11},"end":{"line":58,"column":6}}]},"8":{"type":"branch","line":50,"loc":{"start":{"line":50,"column":28},"end":{"line":52,"column":7}},"locations":[{"start":{"line":50,"column":28},"end":{"line":52,"column":7}}]},"9":{"type":"branch","line":60,"loc":{"start":{"line":60,"column":11},"end":{"line":68,"column":6}},"locations":[{"start":{"line":60,"column":11},"end":{"line":68,"column":6}}]},"10":{"type":"branch","line":61,"loc":{"start":{"line":61,"column":31},"end":{"line":63,"column":7}},"locations":[{"start":{"line":61,"column":31},"end":{"line":63,"column":7}}]},"11":{"type":"branch","line":70,"loc":{"start":{"line":70,"column":12},"end":{"line":84,"column":6}},"locations":[{"start":{"line":70,"column":12},"end":{"line":84,"column":6}}]},"12":{"type":"branch","line":71,"loc":{"start":{"line":71,"column":30},"end":{"line":73,"column":7}},"locations":[{"start":{"line":71,"column":30},"end":{"line":73,"column":7}}]},"13":{"type":"branch","line":86,"loc":{"start":{"line":86,"column":11},"end":{"line":92,"column":6}},"locations":[{"start":{"line":86,"column":11},"end":{"line":92,"column":6}}]},"14":{"type":"branch","line":94,"loc":{"start":{"line":94,"column":14},"end":{"line":94,"column":26}},"locations":[{"start":{"line":94,"column":14},"end":{"line":94,"column":26}}]},"15":{"type":"branch","line":96,"loc":{"start":{"line":96,"column":18},"end":{"line":96,"column":38}},"locations":[{"start":{"line":96,"column":18},"end":{"line":96,"column":38}}]},"16":{"type":"branch","line":98,"loc":{"start":{"line":98,"column":16},"end":{"line":112,"column":6}},"locations":[{"start":{"line":98,"column":16},"end":{"line":112,"column":6}}]},"17":{"type":"branch","line":99,"loc":{"start":{"line":99,"column":30},"end":{"line":101,"column":32}},"locations":[{"start":{"line":99,"column":30},"end":{"line":101,"column":32}}]},"18":{"type":"branch","line":99,"loc":{"start":{"line":99,"column":30},"end":{"line":99,"column":39}},"locations":[{"start":{"line":99,"column":30},"end":{"line":99,"column":39}}]},"19":{"type":"branch","line":99,"loc":{"start":{"line":99,"column":37},"end":{"line":101,"column":32}},"locations":[{"start":{"line":99,"column":37},"end":{"line":101,"column":32}}]},"20":{"type":"branch","line":101,"loc":{"start":{"line":101,"column":20},"end":{"line":101,"column":51}},"locations":[{"start":{"line":101,"column":20},"end":{"line":101,"column":51}}]},"21":{"type":"branch","line":101,"loc":{"start":{"line":101,"column":51},"end":{"line":104,"column":7}},"locations":[{"start":{"line":101,"column":51},"end":{"line":104,"column":7}}]},"22":{"type":"branch","line":104,"loc":{"start":{"line":104,"column":6},"end":{"line":111,"column":84}},"locations":[{"start":{"line":104,"column":6},"end":{"line":111,"column":84}}]},"23":{"type":"branch","line":104,"loc":{"start":{"line":104,"column":6},"end":{"line":106,"column":33}},"locations":[{"start":{"line":104,"column":6},"end":{"line":106,"column":33}}]},"24":{"type":"branch","line":106,"loc":{"start":{"line":106,"column":33},"end":{"line":108,"column":7}},"locations":[{"start":{"line":106,"column":33},"end":{"line":108,"column":7}}]},"25":{"type":"branch","line":108,"loc":{"start":{"line":108,"column":6},"end":{"line":111,"column":84}},"locations":[{"start":{"line":108,"column":6},"end":{"line":111,"column":84}}]},"26":{"type":"branch","line":114,"loc":{"start":{"line":114,"column":17},"end":{"line":114,"column":38}},"locations":[{"start":{"line":114,"column":17},"end":{"line":114,"column":38}}]}},"b":{"0":[17],"1":[0],"2":[12],"3":[14],"4":[0],"5":[1540],"6":[7],"7":[11],"8":[0],"9":[3],"10":[0],"11":[3],"12":[0],"13":[2],"14":[16],"15":[22],"16":[9],"17":[6],"18":[5],"19":[4],"20":[0],"21":[0],"22":[6],"23":[4],"24":[1],"25":[3],"26":[6]},"fnMap":{"0":{"name":"createTaskTimer","decl":{"start":{"line":6,"column":7},"end":{"line":116,"column":1}},"loc":{"start":{"line":6,"column":7},"end":{"line":116,"column":1}},"line":6},"1":{"name":"clearTimerInterval","decl":{"start":{"line":18,"column":29},"end":{"line":23,"column":4}},"loc":{"start":{"line":18,"column":29},"end":{"line":23,"column":4}},"line":18},"2":{"name":"startInterval","decl":{"start":{"line":25,"column":24},"end":{"line":46,"column":4}},"loc":{"start":{"line":25,"column":24},"end":{"line":46,"column":4}},"line":25},"3":{"name":"start","decl":{"start":{"line":49,"column":11},"end":{"line":58,"column":6}},"loc":{"start":{"line":49,"column":11},"end":{"line":58,"column":6}},"line":49},"4":{"name":"pause","decl":{"start":{"line":60,"column":11},"end":{"line":68,"column":6}},"loc":{"start":{"line":60,"column":11},"end":{"line":68,"column":6}},"line":60},"5":{"name":"resume","decl":{"start":{"line":70,"column":12},"end":{"line":84,"column":6}},"loc":{"start":{"line":70,"column":12},"end":{"line":84,"column":6}},"line":70},"6":{"name":"reset","decl":{"start":{"line":86,"column":11},"end":{"line":92,"column":6}},"loc":{"start":{"line":86,"column":11},"end":{"line":92,"column":6}},"line":86},"7":{"name":"getState","decl":{"start":{"line":94,"column":14},"end":{"line":94,"column":26}},"loc":{"start":{"line":94,"column":14},"end":{"line":94,"column":26}},"line":94},"8":{"name":"getRemaining","decl":{"start":{"line":96,"column":18},"end":{"line":96,"column":38}},"loc":{"start":{"line":96,"column":18},"end":{"line":96,"column":38}},"line":96},"9":{"name":"getElapsed","decl":{"start":{"line":98,"column":16},"end":{"line":112,"column":6}},"loc":{"start":{"line":98,"column":16},"end":{"line":112,"column":6}},"line":98},"10":{"name":"getDuration","decl":{"start":{"line":114,"column":17},"end":{"line":114,"column":38}},"loc":{"start":{"line":114,"column":17},"end":{"line":114,"column":38}},"line":114}},"f":{"0":17,"1":12,"2":14,"3":11,"4":3,"5":3,"6":2,"7":16,"8":22,"9":9,"10":6}}
,"C:\\Users\\mizel\\OneDrive\\Desktop\\Cursor AI\\focus-loop\\packages\\core-timers\\src\\index.ts": {"path":"C:\\Users\\mizel\\OneDrive\\Desktop\\Cursor AI\\focus-loop\\packages\\core-timers\\src\\index.ts","all":true,"statementMap":{"0":{"start":{"line":1,"column":0},"end":{"line":1,"column":19}},"1":{"start":{"line":2,"column":0},"end":{"line":2,"column":24}},"2":{"start":{"line":3,"column":0},"end":{"line":3,"column":0}},"3":{"start":{"line":4,"column":0},"end":{"line":4,"column":25}},"4":{"start":{"line":5,"column":0},"end":{"line":5,"column":52}},"5":{"start":{"line":6,"column":0},"end":{"line":6,"column":54}},"6":{"start":{"line":7,"column":0},"end":{"line":7,"column":54}},"7":{"start":{"line":8,"column":0},"end":{"line":8,"column":0}},"8":{"start":{"line":9,"column":0},"end":{"line":9,"column":10}},"9":{"start":{"line":10,"column":0},"end":{"line":10,"column":31}}},"s":{"0":0,"1":0,"2":0,"3":0,"4":0,"5":0,"6":0,"7":0,"8":0,"9":0},"branchMap":{"0":{"type":"branch","line":1,"loc":{"start":{"line":1,"column":287},"end":{"line":10,"column":31}},"locations":[{"start":{"line":1,"column":287},"end":{"line":10,"column":31}}]}},"b":{"0":[0]},"fnMap":{"0":{"name":"(empty-report)","decl":{"start":{"line":1,"column":287},"end":{"line":10,"column":31}},"loc":{"start":{"line":1,"column":287},"end":{"line":10,"column":31}},"line":1}},"f":{"0":0}}
}
